<?xml version="1.0" encoding="UTF-8"?>
<!-- Generated by org.testng.reporters.JUnitXMLReporter -->
<testsuite ignored="0" hostname="CPC-Sahil-BLBHA" failures="1" tests="1" name="Default test" time="97.377" errors="0" timestamp="2024-11-27T07:14:11 IST">
  <testcase classname="io.cucumber.testng.AbstractTestNGCucumberTests" name="runScenario" time="92.788">
    <failure type="java.lang.RuntimeException" message="Membership ID not found in the popup message.">
      <![CDATA[java.lang.RuntimeException: Membership ID not found in the popup message.
at com.qa.sugarcrm.pages.WrapUpTabPage.captureMembershipCreationMessage(WrapUpTabPage.java:171)
at StepDefinitions.SugarSteps.iCaptureMembershipCreationMessageAndValidateId(SugarSteps.java:565)
at ✽.I capture the membership creation message and validate the ID(file:///C:/Users/Sahil.Sharma/EclipseEn/DHFAutomation/src/test/resources/Features/sugarcrm.feature:90)
]]>
    </failure>
  </testcase> <!-- runScenario -->
</testsuite> <!-- Default test -->
