<?xml version="1.0" encoding="UTF-8"?>
<testng-results ignored="0" total="1" passed="0" failed="1" skipped="0">
  <reporter-output>
  </reporter-output>
  <suite started-at="2024-11-27T07:12:33 IST" name="Default suite" finished-at="2024-11-27T07:14:11 IST" duration-ms="97377">
    <groups>
      <group name="cucumber">
        <method signature="AbstractTestNGCucumberTests.runScenario(io.cucumber.testng.PickleWrapper,io.cucumber.testng.FeatureWrapper)[pri:0, instance:runners.RunSugarTest@3e96bacf]" name="runScenario" class="io.cucumber.testng.AbstractTestNGCucumberTests"/>
      </group> <!-- cucumber -->
    </groups>
    <test started-at="2024-11-27T07:12:33 IST" name="Default test" finished-at="2024-11-27T07:14:11 IST" duration-ms="97377">
      <class name="runners.RunSugarTest">
        <test-method is-config="true" signature="setUpClass(org.testng.ITestContext)[pri:0, instance:runners.RunSugarTest@3e96bacf]" started-at="2024-11-27T07:12:33 IST" name="setUpClass" finished-at="2024-11-27T07:12:34 IST" duration-ms="884" status="PASS">
          <params>
            <param index="0">
              <value>
                <![CDATA[org.testng.TestRunner@401002ce]]>
              </value>
            </param>
          </params>
          <reporter-output>
          </reporter-output>
        </test-method> <!-- setUpClass -->
        <test-method signature="runScenario(io.cucumber.testng.PickleWrapper,io.cucumber.testng.FeatureWrapper)[pri:0, instance:runners.RunSugarTest@3e96bacf]" started-at="2024-11-27T07:12:34 IST" name="runScenario" description="Runs Cucumber Scenarios" data-provider="scenarios" finished-at="2024-11-27T07:14:07 IST" duration-ms="92788" status="FAIL">
          <params>
            <param index="0">
              <value>
                <![CDATA["User logs in sugar crm and create the leads"]]>
              </value>
            </param>
            <param index="1">
              <value>
                <![CDATA["Sugar CRM Process"]]>
              </value>
            </param>
          </params>
          <exception class="java.lang.RuntimeException">
            <message>
              <![CDATA[Membership ID not found in the popup message.]]>
            </message>
            <full-stacktrace>
              <![CDATA[java.lang.RuntimeException: Membership ID not found in the popup message.
at com.qa.sugarcrm.pages.WrapUpTabPage.captureMembershipCreationMessage(WrapUpTabPage.java:171)
at StepDefinitions.SugarSteps.iCaptureMembershipCreationMessageAndValidateId(SugarSteps.java:565)
at ✽.I capture the membership creation message and validate the ID(file:///C:/Users/Sahil.Sharma/EclipseEn/DHFAutomation/src/test/resources/Features/sugarcrm.feature:90)
]]>
            </full-stacktrace>
          </exception> <!-- java.lang.RuntimeException -->
          <reporter-output>
          </reporter-output>
        </test-method> <!-- runScenario -->
        <test-method is-config="true" signature="tearDownClass()[pri:0, instance:runners.RunSugarTest@3e96bacf]" started-at="2024-11-27T07:14:07 IST" name="tearDownClass" finished-at="2024-11-27T07:14:11 IST" duration-ms="3664" status="PASS">
          <reporter-output>
          </reporter-output>
        </test-method> <!-- tearDownClass -->
      </class> <!-- runners.RunSugarTest -->
    </test> <!-- Default test -->
  </suite> <!-- Default suite -->
</testng-results>
