<?xml version="1.0" encoding="UTF-8"?>
<testng-results ignored="0" total="1" passed="1" failed="0" skipped="0">
  <reporter-output>
  </reporter-output>
  <suite started-at="2024-10-10T07:57:37 IST" name="Default suite" finished-at="2024-10-10T07:58:01 IST" duration-ms="23964">
    <groups>
      <group name="cucumber">
        <method signature="AbstractTestNGCucumberTests.runScenario(io.cucumber.testng.PickleWrapper,io.cucumber.testng.FeatureWrapper)[pri:0, instance:runners.RunCucumberTest@6e509ffa]" name="runScenario" class="io.cucumber.testng.AbstractTestNGCucumberTests"/>
      </group> <!-- cucumber -->
    </groups>
    <test started-at="2024-10-10T07:57:37 IST" name="Default test" finished-at="2024-10-10T07:58:01 IST" duration-ms="23964">
      <class name="runners.RunCucumberTest">
        <test-method is-config="true" signature="setUpClass(org.testng.ITestContext)[pri:0, instance:runners.RunCucumberTest@6e509ffa]" started-at="2024-10-10T07:57:37 IST" name="setUpClass" finished-at="2024-10-10T07:57:38 IST" duration-ms="765" status="PASS">
          <params>
            <param index="0">
              <value>
                <![CDATA[org.testng.TestRunner@77ecdc2b]]>
              </value>
            </param>
          </params>
          <reporter-output>
          </reporter-output>
        </test-method> <!-- setUpClass -->
        <test-method signature="runScenario(io.cucumber.testng.PickleWrapper,io.cucumber.testng.FeatureWrapper)[pri:0, instance:runners.RunCucumberTest@6e509ffa]" started-at="2024-10-10T07:57:38 IST" name="runScenario" description="Runs Cucumber Scenarios" data-provider="scenarios" finished-at="2024-10-10T07:57:57 IST" duration-ms="18601" status="PASS">
          <params>
            <param index="0">
              <value>
                <![CDATA["User completes the quick quote process"]]>
              </value>
            </param>
            <param index="1">
              <value>
                <![CDATA["Quick Quote Process"]]>
              </value>
            </param>
          </params>
          <reporter-output>
          </reporter-output>
        </test-method> <!-- runScenario -->
        <test-method is-config="true" signature="tearDownClass()[pri:0, instance:runners.RunCucumberTest@6e509ffa]" started-at="2024-10-10T07:57:57 IST" name="tearDownClass" finished-at="2024-10-10T07:58:01 IST" duration-ms="4554" status="PASS">
          <reporter-output>
          </reporter-output>
        </test-method> <!-- tearDownClass -->
      </class> <!-- runners.RunCucumberTest -->
    </test> <!-- Default test -->
  </suite> <!-- Default suite -->
</testng-results>
