<?xml version="1.0" encoding="UTF-8"?>
<!-- Generated by org.testng.reporters.JUnitReportReporter -->
<testsuite hostname="CPC-Sahil-BLBHA" failures="0" tests="1" name="runners.RunSugarTest" time="87.779" errors="1" timestamp="2024-12-11T14:44:41 IST" skipped="0">
  <testcase classname="runners.RunSugarTest" name="runScenario" time="87.779">
    <error message="Failed to click the Save button after 3 attempts." type="java.lang.RuntimeException">
      <![CDATA[java.lang.RuntimeException: Failed to click the Save button after 3 attempts.
at com.qa.sugarcrm.pages.LeadsAndPersonalDetailsPage.clickSaveButton(LeadsAndPersonalDetailsPage.java:678)
at StepDefinitions.SugarSteps.iClickOnTheSaveButton(SugarSteps.java:251)
at ✽.I click on the Save button(file:///C:/Users/Sahil.Sharma/EclipseEn/DHFAutomation/src/test/resources/Features/SugarCrmSmoke.feature:146)
]]>
    </error>
  </testcase> <!-- runScenario -->
</testsuite> <!-- runners.RunSugarTest -->
