<?xml version="1.0" encoding="UTF-8"?>
<!-- Generated by org.testng.reporters.JUnitReportReporter -->
<testsuite hostname="CPC-Sahil-BLBHA" failures="1" tests="1" name="runners.RunCucumberTest" time="5.580" errors="0" timestamp="2024-12-05T13:19:50 IST" skipped="0">
  <testcase classname="runners.RunCucumberTest" name="runScenario" time="5.580">
    <failure message="Unexpected page title! expected [Private Health Insurance for Doctors | Doctors&#039; Health Fund] but found [SugarCRM] expected [true] but found [false]" type="java.lang.AssertionError">
      <![CDATA[java.lang.AssertionError: Unexpected page title! expected [Private Health Insurance for Doctors | Doctors' Health Fund] but found [SugarCRM] expected [true] but found [false]
at org.testng.Assert.fail(Assert.java:111)
at org.testng.Assert.failNotEquals(Assert.java:1578)
at org.testng.Assert.assertTrue(Assert.java:57)
at StepDefinitions.CreateQuoteSteps.i_am_on_the_quote_page(CreateQuoteSteps.java:87)
at ✽.I am on the quote page(file:///C:/Users/Sahil.Sharma/EclipseEn/DHFAutomation/src/test/resources/Features/WebsiteSmoke.feature:64)
]]>
    </failure>
  </testcase> <!-- runScenario -->
</testsuite> <!-- runners.RunCucumberTest -->
