<?xml version="1.0" encoding="UTF-8"?>
<!-- Generated by org.testng.reporters.JUnitReportReporter -->
<testsuite hostname="CPC-Sahil-BLBHA" failures="0" tests="1" name="runners.RunSugarTest" time="92.788" errors="1" timestamp="2024-11-27T07:14:11 IST" skipped="0">
  <testcase classname="runners.RunSugarTest" name="runScenario" time="92.788">
    <error message="Membership ID not found in the popup message." type="java.lang.RuntimeException">
      <![CDATA[java.lang.RuntimeException: Membership ID not found in the popup message.
at com.qa.sugarcrm.pages.WrapUpTabPage.captureMembershipCreationMessage(WrapUpTabPage.java:171)
at StepDefinitions.SugarSteps.iCaptureMembershipCreationMessageAndValidateId(SugarSteps.java:565)
at ✽.I capture the membership creation message and validate the ID(file:///C:/Users/Sahil.Sharma/EclipseEn/DHFAutomation/src/test/resources/Features/sugarcrm.feature:90)
]]>
    </error>
  </testcase> <!-- runScenario -->
</testsuite> <!-- runners.RunSugarTest -->
